{"C:\\Users\\charl\\Documents\\La Fosse\\Alpha\\EducationApp\\frontend\\js\\index.js": {"path":"C:\\Users\\charl\\Documents\\La Fosse\\Alpha\\EducationApp\\frontend\\js\\index.js","statementMap":{"0":{"start":{"line":1,"column":0},"end":{"line":33,"column":3}},"1":{"start":{"line":2,"column":4},"end":{"line":2,"column":23}},"2":{"start":{"line":4,"column":16},"end":{"line":4,"column":62}},"3":{"start":{"line":5,"column":4},"end":{"line":5,"column":38}},"4":{"start":{"line":6,"column":4},"end":{"line":6,"column":24}},"5":{"start":{"line":8,"column":17},"end":{"line":8,"column":39}},"6":{"start":{"line":10,"column":20},"end":{"line":20,"column":5}},"7":{"start":{"line":22,"column":21},"end":{"line":22,"column":78}},"8":{"start":{"line":23,"column":17},"end":{"line":23,"column":38}},"9":{"start":{"line":25,"column":4},"end":{"line":32,"column":5}},"10":{"start":{"line":26,"column":8},"end":{"line":26,"column":50}},"11":{"start":{"line":27,"column":8},"end":{"line":27,"column":49}},"12":{"start":{"line":29,"column":8},"end":{"line":29,"column":26}},"13":{"start":{"line":30,"column":8},"end":{"line":30,"column":35}},"14":{"start":{"line":31,"column":8},"end":{"line":31,"column":29}},"15":{"start":{"line":35,"column":0},"end":{"line":76,"column":3}},"16":{"start":{"line":36,"column":4},"end":{"line":36,"column":23}},"17":{"start":{"line":38,"column":16},"end":{"line":38,"column":63}},"18":{"start":{"line":39,"column":4},"end":{"line":39,"column":44}},"19":{"start":{"line":40,"column":4},"end":{"line":40,"column":24}},"20":{"start":{"line":42,"column":17},"end":{"line":42,"column":39}},"21":{"start":{"line":44,"column":21},"end":{"line":44,"column":41}},"22":{"start":{"line":45,"column":28},"end":{"line":45,"column":55}},"23":{"start":{"line":47,"column":4},"end":{"line":52,"column":5}},"24":{"start":{"line":48,"column":8},"end":{"line":48,"column":41}},"25":{"start":{"line":49,"column":8},"end":{"line":49,"column":36}},"26":{"start":{"line":50,"column":8},"end":{"line":50,"column":29}},"27":{"start":{"line":51,"column":8},"end":{"line":51,"column":15}},"28":{"start":{"line":54,"column":20},"end":{"line":61,"column":5}},"29":{"start":{"line":63,"column":21},"end":{"line":63,"column":81}},"30":{"start":{"line":64,"column":17},"end":{"line":64,"column":38}},"31":{"start":{"line":66,"column":4},"end":{"line":75,"column":5}},"32":{"start":{"line":67,"column":8},"end":{"line":67,"column":49}},"33":{"start":{"line":68,"column":8},"end":{"line":68,"column":54}},"34":{"start":{"line":69,"column":8},"end":{"line":69,"column":36}},"35":{"start":{"line":70,"column":8},"end":{"line":70,"column":29}},"36":{"start":{"line":72,"column":8},"end":{"line":72,"column":26}},"37":{"start":{"line":73,"column":8},"end":{"line":73,"column":36}},"38":{"start":{"line":74,"column":8},"end":{"line":74,"column":29}}},"fnMap":{"0":{"name":"(anonymous_0)","decl":{"start":{"line":1,"column":64},"end":{"line":1,"column":65}},"loc":{"start":{"line":1,"column":77},"end":{"line":33,"column":1}},"line":1},"1":{"name":"(anonymous_1)","decl":{"start":{"line":35,"column":65},"end":{"line":35,"column":66}},"loc":{"start":{"line":35,"column":78},"end":{"line":76,"column":1}},"line":35}},"branchMap":{"0":{"loc":{"start":{"line":25,"column":4},"end":{"line":32,"column":5}},"type":"if","locations":[{"start":{"line":25,"column":4},"end":{"line":32,"column":5}},{"start":{"line":28,"column":11},"end":{"line":32,"column":5}}],"line":25},"1":{"loc":{"start":{"line":47,"column":4},"end":{"line":52,"column":5}},"type":"if","locations":[{"start":{"line":47,"column":4},"end":{"line":52,"column":5}},{"start":{},"end":{}}],"line":47},"2":{"loc":{"start":{"line":66,"column":4},"end":{"line":75,"column":5}},"type":"if","locations":[{"start":{"line":66,"column":4},"end":{"line":75,"column":5}},{"start":{"line":71,"column":11},"end":{"line":75,"column":5}}],"line":66}},"s":{"0":6,"1":2,"2":2,"3":2,"4":2,"5":2,"6":2,"7":2,"8":2,"9":2,"10":1,"11":1,"12":1,"13":1,"14":1,"15":6,"16":3,"17":3,"18":3,"19":3,"20":3,"21":3,"22":3,"23":3,"24":1,"25":1,"26":1,"27":1,"28":2,"29":2,"30":2,"31":2,"32":1,"33":1,"34":1,"35":1,"36":1,"37":1,"38":1},"f":{"0":2,"1":3},"b":{"0":[1,1],"1":[1,2],"2":[1,1]},"_coverageSchema":"1a1c01bbd47fc00a2c39e90264f33305004495a9","hash":"a1c7566787735a2d810b9d530e9e01c650070df2"}
}
