TN:
SF:frontend\js\index.js
FN:1,(anonymous_0)
FN:35,(anonymous_1)
FNF:2
FNH:2
FNDA:2,(anonymous_0)
FNDA:3,(anonymous_1)
DA:1,6
DA:2,2
DA:4,2
DA:5,2
DA:6,2
DA:8,2
DA:10,2
DA:22,2
DA:23,2
DA:25,2
DA:26,1
DA:27,1
DA:29,1
DA:30,1
DA:31,1
DA:35,6
DA:36,3
DA:38,3
DA:39,3
DA:40,3
DA:42,3
DA:44,3
DA:45,3
DA:47,3
DA:48,1
DA:49,1
DA:50,1
DA:51,1
DA:54,2
DA:63,2
DA:64,2
DA:66,2
DA:67,1
DA:68,1
DA:69,1
DA:70,1
DA:72,1
DA:73,1
DA:74,1
LF:39
LH:39
BRDA:25,0,0,1
BRDA:25,0,1,1
BRDA:47,1,0,1
BRDA:47,1,1,2
BRDA:66,2,0,1
BRDA:66,2,1,1
BRF:6
BRH:6
end_of_record
